<?xml version="1.0" encoding="UTF-8"?>
<testng-results ignored="0" total="1" passed="0" failed="1" skipped="0">
  <reporter-output>
  </reporter-output>
  <suite started-at="2022-04-19T09:58:08Z" name="Default suite" finished-at="2022-04-19T09:58:15Z" duration-ms="7738">
    <groups>
    </groups>
    <test started-at="2022-04-19T09:58:08Z" name="Default test" finished-at="2022-04-19T09:58:15Z" duration-ms="7738">
      <class name="Travel.Makemytrip.TestClassMakemyTrip">
        <test-method signature="test1()[pri:0, instance:Travel.Makemytrip.TestClassMakemyTrip@644baf4a]" started-at="2022-04-19T15:28:08Z" name="test1" finished-at="2022-04-19T15:28:15Z" duration-ms="7663" status="FAIL">
          <exception class="java.lang.NullPointerException">
            <message>
              <![CDATA[inStream parameter is null]]>
            </message>
            <full-stacktrace>
              <![CDATA[java.lang.NullPointerException: inStream parameter is null
	at java.base/java.util.Objects.requireNonNull(Objects.java:233)
	at java.base/java.util.Properties.load(Properties.java:408)
	at Travel.Makemytrip.Baseclass.getDatafromProperties(Baseclass.java:94)
	at Travel.Makemytrip.TestClassMakemyTrip.test1(TestClassMakemyTrip.java:14)
	at java.base/jdk.internal.reflect.DirectMethodHandleAccessor.invoke(DirectMethodHandleAccessor.java:104)
	at java.base/java.lang.reflect.Method.invoke(Method.java:577)
	at org.testng.internal.MethodInvocationHelper.invokeMethod(MethodInvocationHelper.java:108)
	at org.testng.internal.Invoker.invokeMethod(Invoker.java:661)
	at org.testng.internal.Invoker.invokeTestMethod(Invoker.java:869)
	at org.testng.internal.Invoker.invokeTestMethods(Invoker.java:1193)
	at org.testng.internal.TestMethodWorker.invokeTestMethods(TestMethodWorker.java:126)
	at org.testng.internal.TestMethodWorker.run(TestMethodWorker.java:109)
	at org.testng.TestRunner.privateRun(TestRunner.java:744)
	at org.testng.TestRunner.run(TestRunner.java:602)
	at org.testng.SuiteRunner.runTest(SuiteRunner.java:380)
	at org.testng.SuiteRunner.runSequentially(SuiteRunner.java:375)
	at org.testng.SuiteRunner.privateRun(SuiteRunner.java:340)
	at org.testng.SuiteRunner.run(SuiteRunner.java:289)
	at org.testng.SuiteRunnerWorker.runSuite(SuiteRunnerWorker.java:52)
	at org.testng.SuiteRunnerWorker.run(SuiteRunnerWorker.java:86)
	at org.testng.TestNG.runSuitesSequentially(TestNG.java:1301)
	at org.testng.TestNG.runSuitesLocally(TestNG.java:1226)
	at org.testng.TestNG.runSuites(TestNG.java:1144)
	at org.testng.TestNG.run(TestNG.java:1115)
	at org.testng.remote.AbstractRemoteTestNG.run(AbstractRemoteTestNG.java:115)
	at org.testng.remote.RemoteTestNG.initAndRun(RemoteTestNG.java:251)
	at org.testng.remote.RemoteTestNG.main(RemoteTestNG.java:77)
]]>
            </full-stacktrace>
          </exception> <!-- java.lang.NullPointerException -->
          <reporter-output>
          </reporter-output>
        </test-method> <!-- test1 -->
      </class> <!-- Travel.Makemytrip.TestClassMakemyTrip -->
    </test> <!-- Default test -->
  </suite> <!-- Default suite -->
</testng-results>
